<?xml version="1.0" encoding="UTF-8"?>
<testsuite name="numberTypesExercise1.TestNumberTypesExercise1" tests="4" skipped="0" failures="0" errors="0" timestamp="2025-12-14T20:48:53" hostname="rjdev" time="0.006">
  <properties/>
  <testcase name="testA" classname="numberTypesExercise1.TestNumberTypesExercise1" time="0.004"/>
  <testcase name="testB" classname="numberTypesExercise1.TestNumberTypesExercise1" time="0.0"/>
  <testcase name="testC" classname="numberTypesExercise1.TestNumberTypesExercise1" time="0.001"/>
  <testcase name="testD" classname="numberTypesExercise1.TestNumberTypesExercise1" time="0.0"/>
  <system-out><![CDATA[]]></system-out>
  <system-err><![CDATA[]]></system-err>
</testsuite>
