<?xml version="1.0" encoding="UTF-8"?>
<testsuite name="functionsExercise1.TestFunctionsExercise1" tests="2" skipped="0" failures="0" errors="0" timestamp="2025-12-14T19:45:56" hostname="rjdev" time="0.005">
  <properties/>
  <testcase name="test1" classname="functionsExercise1.TestFunctionsExercise1" time="0.004"/>
  <testcase name="test2" classname="functionsExercise1.TestFunctionsExercise1" time="0.001"/>
  <system-out><![CDATA[]]></system-out>
  <system-err><![CDATA[]]></system-err>
</testsuite>
