<?xml version="1.0" encoding="UTF-8"?>
<testsuite name="loopingAndRangesExercise2.TestLoopingAndRangesExercise2" tests="4" skipped="0" failures="0" errors="0" timestamp="2025-12-15T03:06:50" hostname="rjdev" time="0.006">
  <properties/>
  <testcase name="test1" classname="loopingAndRangesExercise2.TestLoopingAndRangesExercise2" time="0.004"/>
  <testcase name="test2" classname="loopingAndRangesExercise2.TestLoopingAndRangesExercise2" time="0.0"/>
  <testcase name="test3" classname="loopingAndRangesExercise2.TestLoopingAndRangesExercise2" time="0.0"/>
  <testcase name="test4" classname="loopingAndRangesExercise2.TestLoopingAndRangesExercise2" time="0.0"/>
  <system-out><![CDATA[]]></system-out>
  <system-err><![CDATA[]]></system-err>
</testsuite>
