<?xml version="1.0" encoding="UTF-8"?>
<testsuite name="booleansExercise3.TestBooleansExercise3" tests="8" skipped="0" failures="0" errors="0" timestamp="2025-12-15T01:48:07" hostname="rjdev" time="0.007">
  <properties/>
  <testcase name="testAnd1" classname="booleansExercise3.TestBooleansExercise3" time="0.004"/>
  <testcase name="testAnd2" classname="booleansExercise3.TestBooleansExercise3" time="0.001"/>
  <testcase name="testAnd3" classname="booleansExercise3.TestBooleansExercise3" time="0.0"/>
  <testcase name="testAnd4" classname="booleansExercise3.TestBooleansExercise3" time="0.001"/>
  <testcase name="testOr1" classname="booleansExercise3.TestBooleansExercise3" time="0.0"/>
  <testcase name="testOr2" classname="booleansExercise3.TestBooleansExercise3" time="0.0"/>
  <testcase name="testOr3" classname="booleansExercise3.TestBooleansExercise3" time="0.0"/>
  <testcase name="testOr4" classname="booleansExercise3.TestBooleansExercise3" time="0.0"/>
  <system-out><![CDATA[]]></system-out>
  <system-err><![CDATA[]]></system-err>
</testsuite>
