<?xml version="1.0" encoding="UTF-8"?>
<testsuite name="loopingAndRangesExercise1.TestLoopingAndRangesExercise1" tests="5" skipped="0" failures="0" errors="0" timestamp="2025-12-15T03:00:41" hostname="rjdev" time="0.006">
  <properties/>
  <testcase name="test1" classname="loopingAndRangesExercise1.TestLoopingAndRangesExercise1" time="0.004"/>
  <testcase name="test2" classname="loopingAndRangesExercise1.TestLoopingAndRangesExercise1" time="0.001"/>
  <testcase name="test3" classname="loopingAndRangesExercise1.TestLoopingAndRangesExercise1" time="0.001"/>
  <testcase name="test4" classname="loopingAndRangesExercise1.TestLoopingAndRangesExercise1" time="0.0"/>
  <testcase name="test5" classname="loopingAndRangesExercise1.TestLoopingAndRangesExercise1" time="0.0"/>
  <system-out><![CDATA[]]></system-out>
  <system-err><![CDATA[]]></system-err>
</testsuite>
