<?xml version="1.0" encoding="UTF-8"?>
<testsuite name="dataTypesExercise1.TestDataTypesExercise1" tests="2" skipped="0" failures="0" errors="0" timestamp="2025-12-14T03:56:00" hostname="rjdev" time="0.01">
  <properties/>
  <testcase name="checkOutput" classname="dataTypesExercise1.TestDataTypesExercise1" time="0.009"/>
  <testcase name="checkTypeMismatch" classname="dataTypesExercise1.TestDataTypesExercise1" time="0.001"/>
  <system-out><![CDATA[]]></system-out>
  <system-err><![CDATA[]]></system-err>
</testsuite>
