<?xml version="1.0" encoding="UTF-8"?>
<testsuite name="repetitionWithWhileExercise2.TestRepetitionWithWhileExercise2" tests="5" skipped="0" failures="0" errors="0" timestamp="2025-12-15T02:21:17" hostname="rjdev" time="0.011">
  <properties/>
  <testcase name="testSum1" classname="repetitionWithWhileExercise2.TestRepetitionWithWhileExercise2" time="0.009"/>
  <testcase name="testSum2" classname="repetitionWithWhileExercise2.TestRepetitionWithWhileExercise2" time="0.001"/>
  <testcase name="testSum3" classname="repetitionWithWhileExercise2.TestRepetitionWithWhileExercise2" time="0.0"/>
  <testcase name="testSum4" classname="repetitionWithWhileExercise2.TestRepetitionWithWhileExercise2" time="0.001"/>
  <testcase name="testSum5" classname="repetitionWithWhileExercise2.TestRepetitionWithWhileExercise2" time="0.0"/>
  <system-out><![CDATA[]]></system-out>
  <system-err><![CDATA[]]></system-err>
</testsuite>
