<?xml version="1.0" encoding="UTF-8"?>
<testsuite name="repetitionWithWhileExercise3.TestRepetitionWithWhileExercise3" tests="5" skipped="0" failures="0" errors="0" timestamp="2025-12-15T02:36:42" hostname="rjdev" time="0.005">
  <properties/>
  <testcase name="test1" classname="repetitionWithWhileExercise3.TestRepetitionWithWhileExercise3" time="0.003"/>
  <testcase name="test2" classname="repetitionWithWhileExercise3.TestRepetitionWithWhileExercise3" time="0.0"/>
  <testcase name="test3" classname="repetitionWithWhileExercise3.TestRepetitionWithWhileExercise3" time="0.0"/>
  <testcase name="test4" classname="repetitionWithWhileExercise3.TestRepetitionWithWhileExercise3" time="0.0"/>
  <testcase name="test5" classname="repetitionWithWhileExercise3.TestRepetitionWithWhileExercise3" time="0.0"/>
  <system-out><![CDATA[]]></system-out>
  <system-err><![CDATA[]]></system-err>
</testsuite>
