<?xml version="1.0" encoding="UTF-8"?>
<testsuite name="ifExpressionsExercise2.TestIfExpressionsExercise2" tests="4" skipped="0" failures="0" errors="0" timestamp="2025-12-14T20:01:55" hostname="rjdev" time="0.006">
  <properties/>
  <testcase name="testAbs1" classname="ifExpressionsExercise2.TestIfExpressionsExercise2" time="0.004"/>
  <testcase name="testAbs2" classname="ifExpressionsExercise2.TestIfExpressionsExercise2" time="0.001"/>
  <testcase name="testAbs3" classname="ifExpressionsExercise2.TestIfExpressionsExercise2" time="0.0"/>
  <testcase name="testAbs4" classname="ifExpressionsExercise2.TestIfExpressionsExercise2" time="0.001"/>
  <system-out><![CDATA[]]></system-out>
  <system-err><![CDATA[]]></system-err>
</testsuite>
