<?xml version="1.0" encoding="UTF-8"?>
<testsuite name="numberTypesExercise4.TestNumberTypesExercise4" tests="2" skipped="0" failures="0" errors="0" timestamp="2025-12-14T21:52:26" hostname="rjdev" time="0.005">
  <properties/>
  <testcase name="test1" classname="numberTypesExercise4.TestNumberTypesExercise4" time="0.004"/>
  <testcase name="test2" classname="numberTypesExercise4.TestNumberTypesExercise4" time="0.001"/>
  <system-out><![CDATA[]]></system-out>
  <system-err><![CDATA[]]></system-err>
</testsuite>
