<?xml version="1.0" encoding="UTF-8"?>
<testsuite name="booleansExercise2.TestBooleansExercise2" tests="2" skipped="0" failures="0" errors="0" timestamp="2025-12-15T01:45:25" hostname="rjdev" time="0.175">
  <properties/>
  <testcase name="test1ShowFunctions" classname="booleansExercise2.TestBooleansExercise2" time="0.173"/>
  <testcase name="test2Table" classname="booleansExercise2.TestBooleansExercise2" time="0.002"/>
  <system-out><![CDATA[]]></system-out>
  <system-err><![CDATA[]]></system-err>
</testsuite>
