<?xml version="1.0" encoding="UTF-8"?>
<testsuite name="stringTemplatesExercise2.TestStringTemplatesExercise2" tests="2" skipped="0" failures="0" errors="0" timestamp="2025-12-14T20:17:22" hostname="rjdev" time="0.006">
  <properties/>
  <testcase name="testRecord1" classname="stringTemplatesExercise2.TestStringTemplatesExercise2" time="0.005"/>
  <testcase name="testRecord2" classname="stringTemplatesExercise2.TestStringTemplatesExercise2" time="0.0"/>
  <system-out><![CDATA[]]></system-out>
  <system-err><![CDATA[]]></system-err>
</testsuite>
