<?xml version="1.0" encoding="UTF-8"?>
<testsuite name="ifExpressionsExercise1.TestIfExpressionsExercise1" tests="3" skipped="0" failures="0" errors="0" timestamp="2025-12-14T19:59:17" hostname="rjdev" time="0.006">
  <properties/>
  <testcase name="test1Positive" classname="ifExpressionsExercise1.TestIfExpressionsExercise1" time="0.003"/>
  <testcase name="test2Zero" classname="ifExpressionsExercise1.TestIfExpressionsExercise1" time="0.001"/>
  <testcase name="test3Negative" classname="ifExpressionsExercise1.TestIfExpressionsExercise1" time="0.001"/>
  <system-out><![CDATA[]]></system-out>
  <system-err><![CDATA[]]></system-err>
</testsuite>
