<?xml version="1.0" encoding="UTF-8"?>
<testsuite name="functionsExercise2.TestFunctionsExercise2" tests="2" skipped="0" failures="0" errors="0" timestamp="2025-12-14T19:49:15" hostname="rjdev" time="0.006">
  <properties/>
  <testcase name="test1" classname="functionsExercise2.TestFunctionsExercise2" time="0.005"/>
  <testcase name="test2" classname="functionsExercise2.TestFunctionsExercise2" time="0.0"/>
  <system-out><![CDATA[]]></system-out>
  <system-err><![CDATA[]]></system-err>
</testsuite>
